---
story: STORY-103
title: Modbus Flow State + Transaction Correlation
branch: feature/story-103-modbus-correlation
worktree: .worktrees/story-103-modbus
commit: 6610fe7
date: 2026-06-09
phase: red-gate
agent: test-writer
---

# Red Gate Log — STORY-103

## Summary

Red Gate VERIFIED. All 20 new correlation tests fail on `todo!()` panics;
178 pre-existing tests remain green; 3 structural pass-through tests pass correctly.

## Test Suite

File: `tests/bc_2_14_103_modbus_correlation_tests.rs`

### FAILING (20) — RED as required

| Test | BC | Failure cause |
|------|----|---------------|
| test_BC_2_14_009_request_pdu_inserted_into_pending | BC-2.14.009 post.1 | todo!() in insert_request |
| test_BC_2_14_009_pending_key_is_txn_id_plus_unit_id | BC-2.14.009 inv.1 | todo!() in insert_request |
| test_BC_2_14_009_duplicate_txn_id_increments_counter | BC-2.14.009 post.2 + inv.6 | todo!() in ModbusAnalyzer::new |
| test_BC_2_14_009_txn_id_zero_is_valid_key | BC-2.14.009 EC-003 | todo!() in insert_request |
| test_BC_2_14_009_unit_id_broadcast_0xff_is_valid | BC-2.14.009 EC-004 | todo!() in insert_request |
| test_BC_2_14_009_timestamp_zero_stored_correctly | BC-2.14.009 EC-006 | todo!() in insert_request |
| test_BC_2_14_009_modbus_analyzer_new_stores_thresholds | BC-2.14.009 inv.6 | todo!() in ModbusAnalyzer::new |
| test_BC_2_14_010_response_pdu_matched_and_entry_removed | BC-2.14.010 post.2 Case A | todo!() in insert_request |
| test_BC_2_14_010_orphan_response_returns_none | BC-2.14.010 post.4 Case C | todo!() in match_response |
| test_BC_2_14_010_concurrent_pending_different_unit_ids_resolved_independently | BC-2.14.010 EC-008 | todo!() in insert_request |
| test_BC_2_14_010_fc_mismatch_response_removes_entry | BC-2.14.010 post.3 Case B | todo!() in insert_request |
| test_BC_2_14_011_exception_attributed_to_original_fc_write_class | BC-2.14.011 post.3 Case A | todo!() in insert_request |
| test_BC_2_14_011_exception_attributed_to_original_fc_read_class | BC-2.14.011 post.3 Case A | todo!() in insert_request |
| test_BC_2_14_011_spoof_exception_fc_mismatch_entry_not_removed | BC-2.14.011 EC-008/EC-010 | todo!() in insert_request |
| test_BC_2_14_011_orphan_exception_returns_none | BC-2.14.011 post.4 Case B | todo!() in attribute_exception |
| test_BC_2_14_011_exception_fc_0x80_original_fc_0x00_unknown_class | BC-2.14.011 EC-009 | todo!() in insert_request |
| test_BC_2_14_012_insert_request_drops_when_table_full | BC-2.14.012 post.1 | todo!() in insert_request |
| test_BC_2_14_012_255th_entry_succeeds_256th_is_cap | BC-2.14.012 EC-001 | todo!() in insert_request |
| test_BC_2_14_012_VP022_pending_table_no_unbounded_growth | BC-2.14.012 inv.1 / VP-022 | todo!() in insert_request |
| test_BC_2_14_012_entry_freed_after_response_allows_next_insert | BC-2.14.012 EC-004 | todo!() in insert_request |

### PASSING (3) — correctly pass without implementation

| Test | Why it passes | BC |
|------|--------------|-----|
| test_BC_2_14_009_modbus_flow_state_has_all_required_fields | Compile-time field accessibility check via Default; no method calls | BC-2.14.009 / AC-009 |
| test_BC_2_14_012_max_pending_transactions_constant_is_256 | Constant value check; no method calls | BC-2.14.012 inv.4 |
| test_BC_2_14_012_pending_table_bounded_at_256 | Directly manipulates `pending` HashMap field using the BC pseudocode guard; does NOT call insert_request | BC-2.14.012 post.1 |

These 3 are not vacuously true. They verify real properties:
- All 15+ fields are present and default-constructible (struct completeness)
- The constant is exactly 256 (spec compliance)
- The pre-insert guard pattern `if pending.len() < MAX_PENDING_TRANSACTIONS` works correctly
  when used directly — the green-gate step must replicate this pattern inside insert_request

## Pre-existing Tests

All 178 previously-green tests pass. No regression.

```
test result: ok. 34 passed; 0 failed (lib unit tests)
test result: ok. 3 passed; 0 failed (analyzer_tests)
test result: ok. 20 passed; 0 failed (bc_2_01_story001_tests)
test result: ok. 24 passed; 0 failed (bc_2_02_story002_tests)
test result: ok. 21 passed; 0 failed (bc_2_02_story003_tests)
test result: ok. 18 passed; 0 failed (bc_2_02_story004_tests)
test result: ok. 16 passed; 0 failed (bc_2_02_story005_tests)
test result: ok. 42 passed; 0 failed (other suites)
```

## Stub Files

- `src/analyzer/modbus.rs` — extended with full ModbusFlowState (15+ fields), ModbusFlowState::insert_request / match_response / attribute_exception (todo!() bodies), ModbusAnalyzer::new (todo!() body), MAX_PENDING_TRANSACTIONS = 256
- `tests/bc_2_14_103_modbus_correlation_tests.rs` — 23 tests total (20 failing, 3 passing)

## Quality Gates

- `cargo build --all-targets`: 0 errors, 0 warnings
- `cargo clippy --all-targets -- -D warnings`: clean
- `cargo fmt --check`: clean

## Verdict

RED GATE VERIFIED. Hand off to Implementer.
Implementer instruction: make each of the 20 FAILED tests pass, one at a time,
with minimum code in `src/analyzer/modbus.rs`. Do not touch the test file.
