Maintenance Sweep 1a — Dependency Audit Raw Scan
Generated: 2026-06-17
Working directory: /Users/zious/Documents/GITHUB/wirerust
Tool availability: cargo-audit=installed, cargo-deny=installed, semgrep=NOT_INSTALLED, cargo-outdated=NOT_INSTALLED

==============================================================================
TOOL: cargo audit
COMMAND: cargo audit
EXIT CODE: 0
==============================================================================
    Fetching advisory database from `https://github.com/RustSec/advisory-db.git`
      Loaded 1134 security advisories (from /Users/zious/.cargo/advisory-db)
    Updating crates.io index
    Scanning Cargo.lock for vulnerabilities (193 crate dependencies)
Crate:     rand
Version:   0.8.5
Warning:   unsound
Title:     Rand is unsound with a custom logger using `rand::rng()`
Date:      2026-04-09
ID:        RUSTSEC-2026-0097
URL:       https://rustsec.org/advisories/RUSTSEC-2026-0097
Dependency tree:
rand 0.8.5
└── phf_generator 0.11.3
    └── phf_codegen 0.11.3
        └── tls-parser 0.12.2
            └── wirerust 0.7.1

warning: 1 allowed warning found

RAW COUNTS:
  vulnerabilities: 0
  warnings (unsound): 1 (RUSTSEC-2026-0097 — rand 0.8.5, transitive via tls-parser)
  total dependency crates scanned: 193

==============================================================================
TOOL: cargo deny check
COMMAND: cargo deny check
EXIT CODE: 0
==============================================================================
warning[license-not-encountered]: license was not encountered
   ┌─ /Users/zious/Documents/GITHUB/wirerust/deny.toml:34:6
   │
34 │     "0BSD",
   │      ━━━━ unmatched license allowance

warning[license-not-encountered]: license was not encountered
   ┌─ /Users/zious/Documents/GITHUB/wirerust/deny.toml:25:6
   │
25 │     "Apache-2.0 WITH LLVM-exception",
   │      ━━━━━━━━━━━━━━━━━━━━━━━━━━━━━━ unmatched license allowance

warning[license-not-encountered]: license was not encountered
   ┌─ /Users/zious/Documents/GITHUB/wirerust/deny.toml:26:6
   │
26 │     "BSD-2-Clause",
   │      ━━━━━━━━━━━━ unmatched license allowance

warning[license-not-encountered]: license was not encountered
   ┌─ /Users/zious/Documents/GITHUB/wirerust/deny.toml:32:6
   │
32 │     "CC0-1.0",
   │      ━━━━━━━ unmatched license allowance

warning[license-not-encountered]: license was not encountered
   ┌─ /Users/zious/Documents/GITHUB/wirerust/deny.toml:28:6
   │
28 │     "ISC",
   │      ━━━ unmatched license allowance

warning[license-not-encountered]: license was not encountered
   ┌─ /Users/zious/Documents/GITHUB/wirerust/deny.toml:33:6
   │
33 │     "MPL-2.0",
   │      ━━━━━━━ unmatched license allowance

warning[license-not-encountered]: license was not encountered
   ┌─ /Users/zious/Documents/GITHUB/wirerust/deny.toml:30:6
   │
30 │     "Unicode-DFS-2016",
   │      ━━━━━━━━━━━━━━━━ unmatched license allowance

warning[license-not-encountered]: license was not encountered
   ┌─ /Users/zious/Documents/GITHUB/wirerust/deny.toml:31:6
   │
31 │     "Zlib",
   │      ━━━━ unmatched license allowance

warning[duplicate]: found 2 duplicate entries for crate 'syn'
    ┌─ /Users/zious/Documents/GITHUB/wirerust/Cargo.lock:135:1
    │
135 │ ╭ syn 1.0.109 registry+https://github.com/rust-lang/crates.io-index
136 │ │ syn 2.0.117 registry+https://github.com/rust-lang/crates.io-index
    │ ╰─────────────────────────────────────────────────────────────────┘ lock entries
    │
    ├ syn v1.0.109
      ├── derive-into-owned v0.2.0
      │   └── pcap-file v2.0.0
      │       └── wirerust v0.7.1
      └── nom-derive-impl v0.10.1
          └── nom-derive v0.10.1
              └── tls-parser v0.12.2
                  └── wirerust v0.7.1 (*)
    ├ syn v2.0.117
      ├── clap_derive v4.6.1
      │   └── clap v4.6.1
      │       ├── criterion v0.8.2
      │       │   └── (dev) wirerust v0.7.1
      │       └── wirerust v0.7.1 (*)
      ├── num_enum_derive v0.7.6
      │   └── num_enum v0.7.6
      │       └── tls-parser v0.12.2
      │           └── wirerust v0.7.1 (*)
      ├── serde_derive v1.0.228
      │   └── serde v1.0.228
      │       ├── chrono v0.4.45
      │       │   └── wirerust v0.7.1 (*)
      │       ├── ciborium v0.2.2
      │       │   └── criterion v0.8.2 (*)
      │       ├── criterion v0.8.2 (*)
      │       ├── tinytemplate v1.2.1
      │       │   └── criterion v0.8.2 (*)
      │       └── wirerust v0.7.1 (*)
      ├── thiserror-impl v1.0.69
      │   └── thiserror v1.0.69
      │       └── pcap-file v2.0.0
      │           └── wirerust v0.7.1 (*)
      ├── wasm-bindgen-macro-support v0.2.117
      │   └── wasm-bindgen-macro v0.2.117
      │       └── wasm-bindgen v0.2.117
      │           ├── chrono v0.4.45 (*)
      │           ├── iana-time-zone v0.1.65
      │           │   └── chrono v0.4.45 (*)
      │           ├── js-sys v0.3.94
      │           │   ├── chrono v0.4.45 (*)
      │           │   ├── iana-time-zone v0.1.65 (*)
      │           │   ├── web-sys v0.3.94
      │           │   │   └── plotters v0.3.7
      │           │   │       └── criterion v0.8.2 (*)
      │           │   └── web-time v1.1.0
      │           │       └── indicatif v0.18.4
      │           │           └── wirerust v0.7.1 (*)
      │           ├── plotters v0.3.7 (*)
      │           ├── web-sys v0.3.94 (*)
      │           └── web-time v1.1.0 (*)
      ├── windows-implement v0.60.2
      │   └── windows-core v0.62.2
      │       └── iana-time-zone v0.1.65 (*)
      ├── windows-interface v0.59.3
      │   └── windows-core v0.62.2 (*)
      └── zerocopy-derive v0.8.48
          └── zerocopy v0.8.48
              ├── half v2.7.1
              │   └── ciborium-ll v0.2.2
              │       └── ciborium v0.2.2 (*)
              └── ppv-lite86 v0.2.21
                  └── rand_chacha v0.9.0
                      └── proptest v1.11.0
                          └── (dev) wirerust v0.7.1 (*)

advisories ok, bans ok, licenses ok, sources ok

RAW COUNTS:
  license-not-encountered warnings: 8 (0BSD, Apache-2.0 WITH LLVM-exception, BSD-2-Clause, CC0-1.0, ISC, MPL-2.0, Unicode-DFS-2016, Zlib)
  duplicate crate warnings: 1 (syn v1.0.109 and v2.0.117)
  advisories: ok (0 violations)
  bans: ok (0 violations)
  licenses: ok (0 violations)
  sources: ok (0 violations)
  total cargo-deny warnings: 9

==============================================================================
TOOL: cargo update --dry-run
COMMAND: cargo update --dry-run
EXIT CODE: 0
==============================================================================
    Updating crates.io index
     Locking 40 packages to latest Rust 1.91 compatible versions
    Updating autocfg v1.5.0 -> v1.5.1
    Updating bitflags v2.11.0 -> v2.13.0
    Updating block-buffer v0.12.0 -> v0.12.1
    Updating bumpalo v3.20.2 -> v3.20.3
    Updating cc v1.2.58 -> v1.2.64
    Updating crypto-common v0.2.1 -> v0.2.2
    Updating digest v0.11.2 -> v0.11.3
    Updating either v1.15.0 -> v1.16.0
    Updating fastrand v2.3.0 -> v2.4.1
      Adding futures-core v0.3.32
      Adding futures-task v0.3.32
      Adding futures-util v0.3.32
    Updating hashbrown v0.16.1 -> v0.17.1
    Updating hybrid-array v0.4.10 -> v0.4.12
    Updating indexmap v2.13.1 -> v2.14.0
    Updating js-sys v0.3.94 -> v0.3.102
    Updating libc v0.2.184 -> v0.2.186
    Updating log v0.4.29 -> v0.4.32
    Updating memchr v2.8.0 -> v2.8.2
      Adding pin-project-lite v0.2.17
    Updating rand v0.8.5 -> v0.8.6
    Updating regex v1.12.3 -> v1.12.4
    Updating regex-syntax v0.8.10 -> v0.8.11
    Updating semver v1.0.27 -> v1.0.28
    Updating shlex v1.3.0 -> v2.0.1
    Updating siphasher v1.0.2 -> v1.0.3
      Adding slab v0.4.12
    Updating syn v2.0.117 -> v2.0.118
    Updating toml_edit v0.25.10+spec-1.1.0 -> v0.25.12+spec-1.1.0
    Updating typenum v1.19.0 -> v1.20.1
    Updating wasip2 v1.0.2+wasi-0.2.9 -> v1.0.4+wasi-0.2.12
    Updating wasm-bindgen v0.2.117 -> v0.2.125
    Updating wasm-bindgen-macro v0.2.117 -> v0.2.125
    Updating wasm-bindgen-macro-support v0.2.117 -> v0.2.125
    Updating wasm-bindgen-shared v0.2.117 -> v0.2.125
    Updating web-sys v0.3.94 -> v0.3.102
    Updating winnow v1.0.1 -> v1.0.3
      Adding wit-bindgen v0.57.1
    Updating zerocopy v0.8.48 -> v0.8.52
    Updating zerocopy-derive v0.8.48 -> v0.8.52
warning: not updating lockfile due to dry run

RAW COUNTS:
  crates with available patch/minor updates: 35 (Updating lines)
  new transitive crates that would be added: 5 (futures-core, futures-task, futures-util, pin-project-lite, slab, wit-bindgen — 6 Adding lines)
  notable: rand 0.8.5 -> 0.8.6 (would resolve RUSTSEC-2026-0097)

==============================================================================
TOOL: semgrep
STATUS: NOT_INSTALLED — skipped (install not attempted per scan-only directive)
EXIT CODE: N/A

==============================================================================
TOOL: cargo-outdated
STATUS: NOT_INSTALLED — skipped (cargo update --dry-run used instead)
EXIT CODE: N/A
